2021-04-18 12:52:40.691  INFO 16400 --- [restartedMain] c.shopme.admin.ShopmeBackendApplication  : Starting ShopmeBackendApplication using Java 1.8.0_281 on DESKTOP-T45UFDD with PID 16400 (C:\Users\thaih\Desktop\iCommerce-springboot-\shopme-web-parent\shopme-backend\target\classes started by thaih in C:\Users\thaih\Desktop\iCommerce-springboot-\shopme-web-parent\shopme-backend)
2021-04-18 12:52:40.698  INFO 16400 --- [restartedMain] c.shopme.admin.ShopmeBackendApplication  : No active profile set, falling back to default profiles: default
2021-04-18 12:52:40.779  INFO 16400 --- [restartedMain] .e.DevToolsPropertyDefaultsPostProcessor : Devtools property defaults active! Set 'spring.devtools.add-properties' to 'false' to disable
2021-04-18 12:52:40.785  INFO 16400 --- [restartedMain] .e.DevToolsPropertyDefaultsPostProcessor : For additional web related logging consider setting the 'logging.level.web' property to 'DEBUG'
2021-04-18 12:52:41.825  INFO 16400 --- [restartedMain] .s.d.r.c.RepositoryConfigurationDelegate : Bootstrapping Spring Data JPA repositories in DEFAULT mode.
2021-04-18 12:52:41.915  INFO 16400 --- [restartedMain] .s.d.r.c.RepositoryConfigurationDelegate : Finished Spring Data repository scanning in 77 ms. Found 2 JPA repository interfaces.
2021-04-18 12:52:43.000  INFO 16400 --- [restartedMain] o.s.b.w.embedded.tomcat.TomcatWebServer  : Tomcat initialized with port(s): 8082 (http)
2021-04-18 12:52:43.013  INFO 16400 --- [restartedMain] o.apache.catalina.core.StandardService   : Starting service [Tomcat]
2021-04-18 12:52:43.013  INFO 16400 --- [restartedMain] org.apache.catalina.core.StandardEngine  : Starting Servlet engine: [Apache Tomcat/9.0.43]
2021-04-18 12:52:43.191  INFO 16400 --- [restartedMain] o.a.c.c.C.[.[localhost].[/shopmeadmin]   : Initializing Spring embedded WebApplicationContext
2021-04-18 12:52:43.192  INFO 16400 --- [restartedMain] w.s.c.ServletWebServerApplicationContext : Root WebApplicationContext: initialization completed in 2405 ms
2021-04-18 12:52:43.261  INFO 16400 --- [restartedMain] com.zaxxer.hikari.HikariDataSource       : HikariPool-1 - Starting...
2021-04-18 12:52:43.452  INFO 16400 --- [restartedMain] com.zaxxer.hikari.HikariDataSource       : HikariPool-1 - Start completed.
2021-04-18 12:52:43.461  INFO 16400 --- [restartedMain] o.s.b.a.h2.H2ConsoleAutoConfiguration    : H2 console available at '/h2-console'. Database available at 'jdbc:h2:mem:testdb'
2021-04-18 12:52:43.783  INFO 16400 --- [restartedMain] o.hibernate.jpa.internal.util.LogHelper  : HHH000204: Processing PersistenceUnitInfo [name: default]
2021-04-18 12:52:43.864  INFO 16400 --- [restartedMain] org.hibernate.Version                    : HHH000412: Hibernate ORM core version 5.4.28.Final
2021-04-18 12:52:44.075  INFO 16400 --- [restartedMain] o.hibernate.annotations.common.Version   : HCANN000001: Hibernate Commons Annotations {5.1.2.Final}
2021-04-18 12:52:44.342  INFO 16400 --- [restartedMain] org.hibernate.dialect.Dialect            : HHH000400: Using dialect: org.hibernate.dialect.H2Dialect
2021-04-18 12:52:45.720  INFO 16400 --- [restartedMain] o.h.e.t.j.p.i.JtaPlatformInitiator       : HHH000490: Using JtaPlatform implementation: [org.hibernate.engine.transaction.jta.platform.internal.NoJtaPlatform]
2021-04-18 12:52:45.741  INFO 16400 --- [restartedMain] j.LocalContainerEntityManagerFactoryBean : Initialized JPA EntityManagerFactory for persistence unit 'default'
2021-04-18 12:52:45.786  INFO 16400 --- [restartedMain] o.s.b.d.a.OptionalLiveReloadServer       : LiveReload server is running on port 35729
2021-04-18 12:52:45.912  WARN 16400 --- [restartedMain] JpaBaseConfiguration$JpaWebConfiguration : spring.jpa.open-in-view is enabled by default. Therefore, database queries may be performed during view rendering. Explicitly configure spring.jpa.open-in-view to disable this warning
2021-04-18 12:52:46.815  INFO 16400 --- [restartedMain] o.s.s.web.DefaultSecurityFilterChain     : Will secure Ant [pattern='/images/**'] with []
2021-04-18 12:52:46.815  INFO 16400 --- [restartedMain] o.s.s.web.DefaultSecurityFilterChain     : Will secure Ant [pattern='/js/**'] with []
2021-04-18 12:52:46.815  INFO 16400 --- [restartedMain] o.s.s.web.DefaultSecurityFilterChain     : Will secure Ant [pattern='/webjars/**'] with []
2021-04-18 12:52:46.863  INFO 16400 --- [restartedMain] o.s.s.web.DefaultSecurityFilterChain     : Will secure any request with [org.springframework.security.web.context.request.async.WebAsyncManagerIntegrationFilter@35a3dd96, org.springframework.security.web.context.SecurityContextPersistenceFilter@59edc60a, org.springframework.security.web.header.HeaderWriterFilter@2eb35d2, org.springframework.security.web.csrf.CsrfFilter@7b4a0ee7, org.springframework.security.web.authentication.logout.LogoutFilter@cf520bb, org.springframework.security.web.authentication.UsernamePasswordAuthenticationFilter@45d68d2f, org.springframework.security.web.savedrequest.RequestCacheAwareFilter@15e9f043, org.springframework.security.web.servletapi.SecurityContextHolderAwareRequestFilter@6a1bfd0c, org.springframework.security.web.authentication.rememberme.RememberMeAuthenticationFilter@5fa75335, org.springframework.security.web.authentication.AnonymousAuthenticationFilter@163228d2, org.springframework.security.web.session.SessionManagementFilter@3da5c19, org.springframework.security.web.access.ExceptionTranslationFilter@1ebf69af, org.springframework.security.web.access.intercept.FilterSecurityInterceptor@3e58c818]
2021-04-18 12:52:47.047  INFO 16400 --- [restartedMain] o.s.s.concurrent.ThreadPoolTaskExecutor  : Initializing ExecutorService 'applicationTaskExecutor'
2021-04-18 12:52:47.141  INFO 16400 --- [restartedMain] o.s.b.a.w.s.WelcomePageHandlerMapping    : Adding welcome page template: index
2021-04-18 12:52:47.891  INFO 16400 --- [restartedMain] o.s.b.w.embedded.tomcat.TomcatWebServer  : Tomcat started on port(s): 8082 (http) with context path '/shopmeadmin'
2021-04-18 12:52:47.904  INFO 16400 --- [restartedMain] c.shopme.admin.ShopmeBackendApplication  : Started ShopmeBackendApplication in 7.833 seconds (JVM running for 9.184)
2021-04-18 12:55:21.025  INFO 16400 --- [Thread-16] o.s.s.concurrent.ThreadPoolTaskExecutor  : Shutting down ExecutorService 'applicationTaskExecutor'
2021-04-18 12:55:21.027  INFO 16400 --- [Thread-16] j.LocalContainerEntityManagerFactoryBean : Closing JPA EntityManagerFactory for persistence unit 'default'
2021-04-18 12:55:21.028  INFO 16400 --- [Thread-16] .SchemaDropperImpl$DelayedDropActionImpl : HHH000477: Starting delayed evictData of schema as part of SessionFactory shut-down'
2021-04-18 12:55:21.275  WARN 16400 --- [Thread-16] o.s.b.f.support.DisposableBeanAdapter    : Invocation of destroy method failed on bean with name 'inMemoryDatabaseShutdownExecutor': org.h2.jdbc.JdbcSQLNonTransientConnectionException: Database is already closed (to disable automatic closing at VM shutdown, add ";DB_CLOSE_ON_EXIT=FALSE" to the db URL) [90121-200]
2021-04-18 12:55:21.276  INFO 16400 --- [Thread-16] com.zaxxer.hikari.HikariDataSource       : HikariPool-1 - Shutdown initiated...
2021-04-18 12:55:21.278  INFO 16400 --- [Thread-16] com.zaxxer.hikari.HikariDataSource       : HikariPool-1 - Shutdown completed.
2021-04-18 12:55:21.543  INFO 16400 --- [restartedMain] c.shopme.admin.ShopmeBackendApplication  : Starting ShopmeBackendApplication using Java 1.8.0_281 on DESKTOP-T45UFDD with PID 16400 (C:\Users\thaih\Desktop\iCommerce-springboot-\shopme-web-parent\shopme-backend\target\classes started by thaih in C:\Users\thaih\Desktop\iCommerce-springboot-\shopme-web-parent\shopme-backend)
2021-04-18 12:55:21.544  INFO 16400 --- [restartedMain] c.shopme.admin.ShopmeBackendApplication  : No active profile set, falling back to default profiles: default
2021-04-18 12:55:21.972  INFO 16400 --- [restartedMain] .s.d.r.c.RepositoryConfigurationDelegate : Bootstrapping Spring Data JPA repositories in DEFAULT mode.
2021-04-18 12:55:22.022  INFO 16400 --- [restartedMain] .s.d.r.c.RepositoryConfigurationDelegate : Finished Spring Data repository scanning in 48 ms. Found 2 JPA repository interfaces.
2021-04-18 12:55:22.242  INFO 16400 --- [restartedMain] o.s.b.w.embedded.tomcat.TomcatWebServer  : Tomcat initialized with port(s): 8082 (http)
2021-04-18 12:55:22.243  INFO 16400 --- [restartedMain] o.apache.catalina.core.StandardService   : Starting service [Tomcat]
2021-04-18 12:55:22.243  INFO 16400 --- [restartedMain] org.apache.catalina.core.StandardEngine  : Starting Servlet engine: [Apache Tomcat/9.0.43]
2021-04-18 12:55:22.269  INFO 16400 --- [restartedMain] o.a.c.c.C.[.[localhost].[/shopmeadmin]   : Initializing Spring embedded WebApplicationContext
2021-04-18 12:55:22.269  INFO 16400 --- [restartedMain] w.s.c.ServletWebServerApplicationContext : Root WebApplicationContext: initialization completed in 718 ms
2021-04-18 12:55:22.290  INFO 16400 --- [restartedMain] com.zaxxer.hikari.HikariDataSource       : HikariPool-2 - Starting...
2021-04-18 12:55:22.291  INFO 16400 --- [restartedMain] com.zaxxer.hikari.HikariDataSource       : HikariPool-2 - Start completed.
2021-04-18 12:55:22.292  INFO 16400 --- [restartedMain] o.s.b.a.h2.H2ConsoleAutoConfiguration    : H2 console available at '/h2-console'. Database available at 'jdbc:h2:mem:testdb'
2021-04-18 12:55:22.325  INFO 16400 --- [restartedMain] o.hibernate.jpa.internal.util.LogHelper  : HHH000204: Processing PersistenceUnitInfo [name: default]
2021-04-18 12:55:22.334  INFO 16400 --- [restartedMain] org.hibernate.dialect.Dialect            : HHH000400: Using dialect: org.hibernate.dialect.H2Dialect
2021-04-18 12:55:22.385  INFO 16400 --- [restartedMain] o.h.e.t.j.p.i.JtaPlatformInitiator       : HHH000490: Using JtaPlatform implementation: [org.hibernate.engine.transaction.jta.platform.internal.NoJtaPlatform]
2021-04-18 12:55:22.386  INFO 16400 --- [restartedMain] j.LocalContainerEntityManagerFactoryBean : Initialized JPA EntityManagerFactory for persistence unit 'default'
2021-04-18 12:55:22.399  INFO 16400 --- [restartedMain] o.s.b.d.a.OptionalLiveReloadServer       : LiveReload server is running on port 35729
2021-04-18 12:55:22.434  WARN 16400 --- [restartedMain] JpaBaseConfiguration$JpaWebConfiguration : spring.jpa.open-in-view is enabled by default. Therefore, database queries may be performed during view rendering. Explicitly configure spring.jpa.open-in-view to disable this warning
2021-04-18 12:55:22.547  INFO 16400 --- [restartedMain] o.s.s.web.DefaultSecurityFilterChain     : Will secure Ant [pattern='/images/**'] with []
2021-04-18 12:55:22.547  INFO 16400 --- [restartedMain] o.s.s.web.DefaultSecurityFilterChain     : Will secure Ant [pattern='/js/**'] with []
2021-04-18 12:55:22.547  INFO 16400 --- [restartedMain] o.s.s.web.DefaultSecurityFilterChain     : Will secure Ant [pattern='/webjars/**'] with []
2021-04-18 12:55:22.555  INFO 16400 --- [restartedMain] o.s.s.web.DefaultSecurityFilterChain     : Will secure any request with [org.springframework.security.web.context.request.async.WebAsyncManagerIntegrationFilter@2f457305, org.springframework.security.web.context.SecurityContextPersistenceFilter@23ea59c6, org.springframework.security.web.header.HeaderWriterFilter@6961274a, org.springframework.security.web.csrf.CsrfFilter@566dc317, org.springframework.security.web.authentication.logout.LogoutFilter@5c2e7fba, org.springframework.security.web.authentication.UsernamePasswordAuthenticationFilter@40e10029, org.springframework.security.web.savedrequest.RequestCacheAwareFilter@6c60b27a, org.springframework.security.web.servletapi.SecurityContextHolderAwareRequestFilter@c5b93cb, org.springframework.security.web.authentication.rememberme.RememberMeAuthenticationFilter@14e5e67e, org.springframework.security.web.authentication.AnonymousAuthenticationFilter@5263768f, org.springframework.security.web.session.SessionManagementFilter@1b2754ce, org.springframework.security.web.access.ExceptionTranslationFilter@7c56627b, org.springframework.security.web.access.intercept.FilterSecurityInterceptor@69c29339]
2021-04-18 12:55:22.588  INFO 16400 --- [restartedMain] o.s.s.concurrent.ThreadPoolTaskExecutor  : Initializing ExecutorService 'applicationTaskExecutor'
2021-04-18 12:55:22.606  INFO 16400 --- [restartedMain] o.s.b.a.w.s.WelcomePageHandlerMapping    : Adding welcome page template: index
2021-04-18 12:55:22.874  INFO 16400 --- [restartedMain] o.s.b.w.embedded.tomcat.TomcatWebServer  : Tomcat started on port(s): 8082 (http) with context path '/shopmeadmin'
2021-04-18 12:55:22.878  INFO 16400 --- [restartedMain] c.shopme.admin.ShopmeBackendApplication  : Started ShopmeBackendApplication in 1.387 seconds (JVM running for 164.158)
2021-04-18 12:55:22.879  INFO 16400 --- [restartedMain] .ConditionEvaluationDeltaLoggingListener : Condition evaluation unchanged
2021-04-18 12:55:46.222  INFO 16400 --- [Thread-28] o.s.s.concurrent.ThreadPoolTaskExecutor  : Shutting down ExecutorService 'applicationTaskExecutor'
2021-04-18 12:55:46.223  INFO 16400 --- [Thread-28] j.LocalContainerEntityManagerFactoryBean : Closing JPA EntityManagerFactory for persistence unit 'default'
2021-04-18 12:55:46.223  INFO 16400 --- [Thread-28] .SchemaDropperImpl$DelayedDropActionImpl : HHH000477: Starting delayed evictData of schema as part of SessionFactory shut-down'
2021-04-18 12:55:46.442  WARN 16400 --- [Thread-28] o.s.b.f.support.DisposableBeanAdapter    : Invocation of destroy method failed on bean with name 'inMemoryDatabaseShutdownExecutor': org.h2.jdbc.JdbcSQLNonTransientConnectionException: Database is already closed (to disable automatic closing at VM shutdown, add ";DB_CLOSE_ON_EXIT=FALSE" to the db URL) [90121-200]
2021-04-18 12:55:46.443  INFO 16400 --- [Thread-28] com.zaxxer.hikari.HikariDataSource       : HikariPool-2 - Shutdown initiated...
2021-04-18 12:55:46.445  INFO 16400 --- [Thread-28] com.zaxxer.hikari.HikariDataSource       : HikariPool-2 - Shutdown completed.
2021-04-18 12:55:46.805  INFO 16400 --- [restartedMain] c.shopme.admin.ShopmeBackendApplication  : Starting ShopmeBackendApplication using Java 1.8.0_281 on DESKTOP-T45UFDD with PID 16400 (C:\Users\thaih\Desktop\iCommerce-springboot-\shopme-web-parent\shopme-backend\target\classes started by thaih in C:\Users\thaih\Desktop\iCommerce-springboot-\shopme-web-parent\shopme-backend)
2021-04-18 12:55:46.807  INFO 16400 --- [restartedMain] c.shopme.admin.ShopmeBackendApplication  : No active profile set, falling back to default profiles: default
2021-04-18 12:55:47.337  INFO 16400 --- [restartedMain] .s.d.r.c.RepositoryConfigurationDelegate : Bootstrapping Spring Data JPA repositories in DEFAULT mode.
2021-04-18 12:55:47.399  INFO 16400 --- [restartedMain] .s.d.r.c.RepositoryConfigurationDelegate : Finished Spring Data repository scanning in 62 ms. Found 2 JPA repository interfaces.
2021-04-18 12:55:47.554  INFO 16400 --- [restartedMain] o.s.b.w.embedded.tomcat.TomcatWebServer  : Tomcat initialized with port(s): 8082 (http)
2021-04-18 12:55:47.555  INFO 16400 --- [restartedMain] o.apache.catalina.core.StandardService   : Starting service [Tomcat]
2021-04-18 12:55:47.555  INFO 16400 --- [restartedMain] org.apache.catalina.core.StandardEngine  : Starting Servlet engine: [Apache Tomcat/9.0.43]
2021-04-18 12:55:47.580  INFO 16400 --- [restartedMain] o.a.c.c.C.[.[localhost].[/shopmeadmin]   : Initializing Spring embedded WebApplicationContext
2021-04-18 12:55:47.581  INFO 16400 --- [restartedMain] w.s.c.ServletWebServerApplicationContext : Root WebApplicationContext: initialization completed in 764 ms
2021-04-18 12:55:47.600  INFO 16400 --- [restartedMain] com.zaxxer.hikari.HikariDataSource       : HikariPool-3 - Starting...
2021-04-18 12:55:47.602  INFO 16400 --- [restartedMain] com.zaxxer.hikari.HikariDataSource       : HikariPool-3 - Start completed.
2021-04-18 12:55:47.602  INFO 16400 --- [restartedMain] o.s.b.a.h2.H2ConsoleAutoConfiguration    : H2 console available at '/h2-console'. Database available at 'jdbc:h2:mem:testdb'
2021-04-18 12:55:47.638  INFO 16400 --- [restartedMain] o.hibernate.jpa.internal.util.LogHelper  : HHH000204: Processing PersistenceUnitInfo [name: default]
2021-04-18 12:55:47.647  INFO 16400 --- [restartedMain] org.hibernate.dialect.Dialect            : HHH000400: Using dialect: org.hibernate.dialect.H2Dialect
2021-04-18 12:55:47.697  INFO 16400 --- [restartedMain] o.h.e.t.j.p.i.JtaPlatformInitiator       : HHH000490: Using JtaPlatform implementation: [org.hibernate.engine.transaction.jta.platform.internal.NoJtaPlatform]
2021-04-18 12:55:47.697  INFO 16400 --- [restartedMain] j.LocalContainerEntityManagerFactoryBean : Initialized JPA EntityManagerFactory for persistence unit 'default'
2021-04-18 12:55:47.711  INFO 16400 --- [restartedMain] o.s.b.d.a.OptionalLiveReloadServer       : LiveReload server is running on port 35729
2021-04-18 12:55:47.748  WARN 16400 --- [restartedMain] JpaBaseConfiguration$JpaWebConfiguration : spring.jpa.open-in-view is enabled by default. Therefore, database queries may be performed during view rendering. Explicitly configure spring.jpa.open-in-view to disable this warning
2021-04-18 12:55:47.902  INFO 16400 --- [restartedMain] o.s.s.web.DefaultSecurityFilterChain     : Will secure Ant [pattern='/images/**'] with []
2021-04-18 12:55:47.902  INFO 16400 --- [restartedMain] o.s.s.web.DefaultSecurityFilterChain     : Will secure Ant [pattern='/js/**'] with []
2021-04-18 12:55:47.902  INFO 16400 --- [restartedMain] o.s.s.web.DefaultSecurityFilterChain     : Will secure Ant [pattern='/webjars/**'] with []
2021-04-18 12:55:47.914  INFO 16400 --- [restartedMain] o.s.s.web.DefaultSecurityFilterChain     : Will secure any request with [org.springframework.security.web.context.request.async.WebAsyncManagerIntegrationFilter@7100103e, org.springframework.security.web.context.SecurityContextPersistenceFilter@3c6338d5, org.springframework.security.web.header.HeaderWriterFilter@540b519c, org.springframework.security.web.csrf.CsrfFilter@4016f7eb, org.springframework.security.web.authentication.logout.LogoutFilter@5f7ef529, org.springframework.security.web.authentication.UsernamePasswordAuthenticationFilter@66fc17f1, org.springframework.security.web.savedrequest.RequestCacheAwareFilter@56d77dbe, org.springframework.security.web.servletapi.SecurityContextHolderAwareRequestFilter@58de5149, org.springframework.security.web.authentication.rememberme.RememberMeAuthenticationFilter@54006708, org.springframework.security.web.authentication.AnonymousAuthenticationFilter@4ddc32bd, org.springframework.security.web.session.SessionManagementFilter@4b3d27f6, org.springframework.security.web.access.ExceptionTranslationFilter@2479c4fb, org.springframework.security.web.access.intercept.FilterSecurityInterceptor@2143b46f]
2021-04-18 12:55:47.965  INFO 16400 --- [restartedMain] o.s.s.concurrent.ThreadPoolTaskExecutor  : Initializing ExecutorService 'applicationTaskExecutor'
2021-04-18 12:55:47.990  INFO 16400 --- [restartedMain] o.s.b.a.w.s.WelcomePageHandlerMapping    : Adding welcome page template: index
2021-04-18 12:55:48.255  INFO 16400 --- [restartedMain] o.s.b.w.embedded.tomcat.TomcatWebServer  : Tomcat started on port(s): 8082 (http) with context path '/shopmeadmin'
2021-04-18 12:55:48.260  INFO 16400 --- [restartedMain] c.shopme.admin.ShopmeBackendApplication  : Started ShopmeBackendApplication in 1.511 seconds (JVM running for 189.54)
2021-04-18 12:55:48.261  INFO 16400 --- [restartedMain] .ConditionEvaluationDeltaLoggingListener : Condition evaluation unchanged
2021-04-18 12:56:05.632  INFO 16400 --- [Thread-33] o.s.s.concurrent.ThreadPoolTaskExecutor  : Shutting down ExecutorService 'applicationTaskExecutor'
2021-04-18 12:56:05.633  INFO 16400 --- [Thread-33] j.LocalContainerEntityManagerFactoryBean : Closing JPA EntityManagerFactory for persistence unit 'default'
2021-04-18 12:56:05.634  INFO 16400 --- [Thread-33] .SchemaDropperImpl$DelayedDropActionImpl : HHH000477: Starting delayed evictData of schema as part of SessionFactory shut-down'
2021-04-18 12:56:05.852  WARN 16400 --- [Thread-33] o.s.b.f.support.DisposableBeanAdapter    : Invocation of destroy method failed on bean with name 'inMemoryDatabaseShutdownExecutor': org.h2.jdbc.JdbcSQLNonTransientConnectionException: Database is already closed (to disable automatic closing at VM shutdown, add ";DB_CLOSE_ON_EXIT=FALSE" to the db URL) [90121-200]
2021-04-18 12:56:05.852  INFO 16400 --- [Thread-33] com.zaxxer.hikari.HikariDataSource       : HikariPool-3 - Shutdown initiated...
2021-04-18 12:56:05.855  INFO 16400 --- [Thread-33] com.zaxxer.hikari.HikariDataSource       : HikariPool-3 - Shutdown completed.
2021-04-18 12:56:06.130  INFO 16400 --- [restartedMain] c.shopme.admin.ShopmeBackendApplication  : Starting ShopmeBackendApplication using Java 1.8.0_281 on DESKTOP-T45UFDD with PID 16400 (C:\Users\thaih\Desktop\iCommerce-springboot-\shopme-web-parent\shopme-backend\target\classes started by thaih in C:\Users\thaih\Desktop\iCommerce-springboot-\shopme-web-parent\shopme-backend)
2021-04-18 12:56:06.130  INFO 16400 --- [restartedMain] c.shopme.admin.ShopmeBackendApplication  : No active profile set, falling back to default profiles: default
2021-04-18 12:56:06.405  INFO 16400 --- [restartedMain] .s.d.r.c.RepositoryConfigurationDelegate : Bootstrapping Spring Data JPA repositories in DEFAULT mode.
2021-04-18 12:56:06.429  INFO 16400 --- [restartedMain] .s.d.r.c.RepositoryConfigurationDelegate : Finished Spring Data repository scanning in 23 ms. Found 2 JPA repository interfaces.
2021-04-18 12:56:06.551  INFO 16400 --- [restartedMain] o.s.b.w.embedded.tomcat.TomcatWebServer  : Tomcat initialized with port(s): 8082 (http)
2021-04-18 12:56:06.552  INFO 16400 --- [restartedMain] o.apache.catalina.core.StandardService   : Starting service [Tomcat]
2021-04-18 12:56:06.552  INFO 16400 --- [restartedMain] org.apache.catalina.core.StandardEngine  : Starting Servlet engine: [Apache Tomcat/9.0.43]
2021-04-18 12:56:06.575  INFO 16400 --- [restartedMain] o.a.c.c.C.[.[localhost].[/shopmeadmin]   : Initializing Spring embedded WebApplicationContext
2021-04-18 12:56:06.575  INFO 16400 --- [restartedMain] w.s.c.ServletWebServerApplicationContext : Root WebApplicationContext: initialization completed in 439 ms
2021-04-18 12:56:06.594  INFO 16400 --- [restartedMain] com.zaxxer.hikari.HikariDataSource       : HikariPool-4 - Starting...
2021-04-18 12:56:06.597  INFO 16400 --- [restartedMain] com.zaxxer.hikari.HikariDataSource       : HikariPool-4 - Start completed.
2021-04-18 12:56:06.597  INFO 16400 --- [restartedMain] o.s.b.a.h2.H2ConsoleAutoConfiguration    : H2 console available at '/h2-console'. Database available at 'jdbc:h2:mem:testdb'
2021-04-18 12:56:06.634  INFO 16400 --- [restartedMain] o.hibernate.jpa.internal.util.LogHelper  : HHH000204: Processing PersistenceUnitInfo [name: default]
2021-04-18 12:56:06.643  INFO 16400 --- [restartedMain] org.hibernate.dialect.Dialect            : HHH000400: Using dialect: org.hibernate.dialect.H2Dialect
2021-04-18 12:56:06.690  INFO 16400 --- [restartedMain] o.h.e.t.j.p.i.JtaPlatformInitiator       : HHH000490: Using JtaPlatform implementation: [org.hibernate.engine.transaction.jta.platform.internal.NoJtaPlatform]
2021-04-18 12:56:06.690  INFO 16400 --- [restartedMain] j.LocalContainerEntityManagerFactoryBean : Initialized JPA EntityManagerFactory for persistence unit 'default'
2021-04-18 12:56:06.703  INFO 16400 --- [restartedMain] o.s.b.d.a.OptionalLiveReloadServer       : LiveReload server is running on port 35729
2021-04-18 12:56:06.737  WARN 16400 --- [restartedMain] JpaBaseConfiguration$JpaWebConfiguration : spring.jpa.open-in-view is enabled by default. Therefore, database queries may be performed during view rendering. Explicitly configure spring.jpa.open-in-view to disable this warning
2021-04-18 12:56:06.851  INFO 16400 --- [restartedMain] o.s.s.web.DefaultSecurityFilterChain     : Will secure Ant [pattern='/images/**'] with []
2021-04-18 12:56:06.851  INFO 16400 --- [restartedMain] o.s.s.web.DefaultSecurityFilterChain     : Will secure Ant [pattern='/js/**'] with []
2021-04-18 12:56:06.851  INFO 16400 --- [restartedMain] o.s.s.web.DefaultSecurityFilterChain     : Will secure Ant [pattern='/webjars/**'] with []
2021-04-18 12:56:06.858  INFO 16400 --- [restartedMain] o.s.s.web.DefaultSecurityFilterChain     : Will secure any request with [org.springframework.security.web.context.request.async.WebAsyncManagerIntegrationFilter@796651da, org.springframework.security.web.context.SecurityContextPersistenceFilter@72c27275, org.springframework.security.web.header.HeaderWriterFilter@d452eb6, org.springframework.security.web.csrf.CsrfFilter@54d3a656, org.springframework.security.web.authentication.logout.LogoutFilter@7d6a625b, org.springframework.security.web.authentication.UsernamePasswordAuthenticationFilter@2e55cd06, org.springframework.security.web.savedrequest.RequestCacheAwareFilter@57d97a5f, org.springframework.security.web.servletapi.SecurityContextHolderAwareRequestFilter@734dde8c, org.springframework.security.web.authentication.rememberme.RememberMeAuthenticationFilter@5cf6d99f, org.springframework.security.web.authentication.AnonymousAuthenticationFilter@74a48493, org.springframework.security.web.session.SessionManagementFilter@3bea8248, org.springframework.security.web.access.ExceptionTranslationFilter@667878da, org.springframework.security.web.access.intercept.FilterSecurityInterceptor@de015f0]
2021-04-18 12:56:06.905  INFO 16400 --- [restartedMain] o.s.s.concurrent.ThreadPoolTaskExecutor  : Initializing ExecutorService 'applicationTaskExecutor'
2021-04-18 12:56:06.932  INFO 16400 --- [restartedMain] o.s.b.a.w.s.WelcomePageHandlerMapping    : Adding welcome page template: index
2021-04-18 12:56:07.209  INFO 16400 --- [restartedMain] o.s.b.w.embedded.tomcat.TomcatWebServer  : Tomcat started on port(s): 8082 (http) with context path '/shopmeadmin'
2021-04-18 12:56:07.215  INFO 16400 --- [restartedMain] c.shopme.admin.ShopmeBackendApplication  : Started ShopmeBackendApplication in 1.131 seconds (JVM running for 208.496)
2021-04-18 12:56:07.217  INFO 16400 --- [restartedMain] .ConditionEvaluationDeltaLoggingListener : Condition evaluation unchanged
2021-04-18 12:56:08.851  INFO 16400 --- [Thread-38] o.s.s.concurrent.ThreadPoolTaskExecutor  : Shutting down ExecutorService 'applicationTaskExecutor'
2021-04-18 12:56:08.852  INFO 16400 --- [Thread-38] j.LocalContainerEntityManagerFactoryBean : Closing JPA EntityManagerFactory for persistence unit 'default'
2021-04-18 12:56:08.853  INFO 16400 --- [Thread-38] .SchemaDropperImpl$DelayedDropActionImpl : HHH000477: Starting delayed evictData of schema as part of SessionFactory shut-down'
2021-04-18 12:56:09.062  WARN 16400 --- [Thread-38] o.s.b.f.support.DisposableBeanAdapter    : Invocation of destroy method failed on bean with name 'inMemoryDatabaseShutdownExecutor': org.h2.jdbc.JdbcSQLNonTransientConnectionException: Database is already closed (to disable automatic closing at VM shutdown, add ";DB_CLOSE_ON_EXIT=FALSE" to the db URL) [90121-200]
2021-04-18 12:56:09.063  INFO 16400 --- [Thread-38] com.zaxxer.hikari.HikariDataSource       : HikariPool-4 - Shutdown initiated...
2021-04-18 12:56:09.067  INFO 16400 --- [Thread-38] com.zaxxer.hikari.HikariDataSource       : HikariPool-4 - Shutdown completed.
2021-04-18 12:56:09.281  INFO 16400 --- [restartedMain] c.shopme.admin.ShopmeBackendApplication  : Starting ShopmeBackendApplication using Java 1.8.0_281 on DESKTOP-T45UFDD with PID 16400 (C:\Users\thaih\Desktop\iCommerce-springboot-\shopme-web-parent\shopme-backend\target\classes started by thaih in C:\Users\thaih\Desktop\iCommerce-springboot-\shopme-web-parent\shopme-backend)
2021-04-18 12:56:09.282  INFO 16400 --- [restartedMain] c.shopme.admin.ShopmeBackendApplication  : No active profile set, falling back to default profiles: default
2021-04-18 12:56:09.528  INFO 16400 --- [restartedMain] .s.d.r.c.RepositoryConfigurationDelegate : Bootstrapping Spring Data JPA repositories in DEFAULT mode.
2021-04-18 12:56:09.550  INFO 16400 --- [restartedMain] .s.d.r.c.RepositoryConfigurationDelegate : Finished Spring Data repository scanning in 22 ms. Found 2 JPA repository interfaces.
2021-04-18 12:56:09.643  INFO 16400 --- [restartedMain] o.s.b.w.embedded.tomcat.TomcatWebServer  : Tomcat initialized with port(s): 8082 (http)
2021-04-18 12:56:09.644  INFO 16400 --- [restartedMain] o.apache.catalina.core.StandardService   : Starting service [Tomcat]
2021-04-18 12:56:09.644  INFO 16400 --- [restartedMain] org.apache.catalina.core.StandardEngine  : Starting Servlet engine: [Apache Tomcat/9.0.43]
2021-04-18 12:56:09.665  INFO 16400 --- [restartedMain] o.a.c.c.C.[.[localhost].[/shopmeadmin]   : Initializing Spring embedded WebApplicationContext
2021-04-18 12:56:09.666  INFO 16400 --- [restartedMain] w.s.c.ServletWebServerApplicationContext : Root WebApplicationContext: initialization completed in 380 ms
2021-04-18 12:56:09.683  INFO 16400 --- [restartedMain] com.zaxxer.hikari.HikariDataSource       : HikariPool-5 - Starting...
2021-04-18 12:56:09.684  INFO 16400 --- [restartedMain] com.zaxxer.hikari.HikariDataSource       : HikariPool-5 - Start completed.
2021-04-18 12:56:09.684  INFO 16400 --- [restartedMain] o.s.b.a.h2.H2ConsoleAutoConfiguration    : H2 console available at '/h2-console'. Database available at 'jdbc:h2:mem:testdb'
2021-04-18 12:56:09.713  INFO 16400 --- [restartedMain] o.hibernate.jpa.internal.util.LogHelper  : HHH000204: Processing PersistenceUnitInfo [name: default]
2021-04-18 12:56:09.718  INFO 16400 --- [restartedMain] org.hibernate.dialect.Dialect            : HHH000400: Using dialect: org.hibernate.dialect.H2Dialect
2021-04-18 12:56:09.760  INFO 16400 --- [restartedMain] o.h.e.t.j.p.i.JtaPlatformInitiator       : HHH000490: Using JtaPlatform implementation: [org.hibernate.engine.transaction.jta.platform.internal.NoJtaPlatform]
2021-04-18 12:56:09.761  INFO 16400 --- [restartedMain] j.LocalContainerEntityManagerFactoryBean : Initialized JPA EntityManagerFactory for persistence unit 'default'
2021-04-18 12:56:09.771  INFO 16400 --- [restartedMain] o.s.b.d.a.OptionalLiveReloadServer       : LiveReload server is running on port 35729
2021-04-18 12:56:09.800  WARN 16400 --- [restartedMain] JpaBaseConfiguration$JpaWebConfiguration : spring.jpa.open-in-view is enabled by default. Therefore, database queries may be performed during view rendering. Explicitly configure spring.jpa.open-in-view to disable this warning
2021-04-18 12:56:09.889  INFO 16400 --- [restartedMain] o.s.s.web.DefaultSecurityFilterChain     : Will secure Ant [pattern='/images/**'] with []
2021-04-18 12:56:09.889  INFO 16400 --- [restartedMain] o.s.s.web.DefaultSecurityFilterChain     : Will secure Ant [pattern='/js/**'] with []
2021-04-18 12:56:09.889  INFO 16400 --- [restartedMain] o.s.s.web.DefaultSecurityFilterChain     : Will secure Ant [pattern='/webjars/**'] with []
2021-04-18 12:56:09.897  INFO 16400 --- [restartedMain] o.s.s.web.DefaultSecurityFilterChain     : Will secure any request with [org.springframework.security.web.context.request.async.WebAsyncManagerIntegrationFilter@21290666, org.springframework.security.web.context.SecurityContextPersistenceFilter@2099f2d6, org.springframework.security.web.header.HeaderWriterFilter@227b5329, org.springframework.security.web.csrf.CsrfFilter@351e2f68, org.springframework.security.web.authentication.logout.LogoutFilter@12bc6352, org.springframework.security.web.authentication.UsernamePasswordAuthenticationFilter@162a8320, org.springframework.security.web.savedrequest.RequestCacheAwareFilter@26ff095e, org.springframework.security.web.servletapi.SecurityContextHolderAwareRequestFilter@5ee5e4b3, org.springframework.security.web.authentication.rememberme.RememberMeAuthenticationFilter@3e58c141, org.springframework.security.web.authentication.AnonymousAuthenticationFilter@2fef42de, org.springframework.security.web.session.SessionManagementFilter@6438f456, org.springframework.security.web.access.ExceptionTranslationFilter@47182f14, org.springframework.security.web.access.intercept.FilterSecurityInterceptor@6fcc3085]
2021-04-18 12:56:09.926  INFO 16400 --- [restartedMain] o.s.s.concurrent.ThreadPoolTaskExecutor  : Initializing ExecutorService 'applicationTaskExecutor'
2021-04-18 12:56:09.941  INFO 16400 --- [restartedMain] o.s.b.a.w.s.WelcomePageHandlerMapping    : Adding welcome page template: index
2021-04-18 12:56:10.147  INFO 16400 --- [restartedMain] o.s.b.w.embedded.tomcat.TomcatWebServer  : Tomcat started on port(s): 8082 (http) with context path '/shopmeadmin'
2021-04-18 12:56:10.151  INFO 16400 --- [restartedMain] c.shopme.admin.ShopmeBackendApplication  : Started ShopmeBackendApplication in 0.904 seconds (JVM running for 211.431)
2021-04-18 12:56:10.152  INFO 16400 --- [restartedMain] .ConditionEvaluationDeltaLoggingListener : Condition evaluation unchanged
2021-04-18 12:56:32.962  INFO 16400 --- [Thread-43] o.s.s.concurrent.ThreadPoolTaskExecutor  : Shutting down ExecutorService 'applicationTaskExecutor'
2021-04-18 12:56:32.964  INFO 16400 --- [Thread-43] j.LocalContainerEntityManagerFactoryBean : Closing JPA EntityManagerFactory for persistence unit 'default'
2021-04-18 12:56:32.964  INFO 16400 --- [Thread-43] .SchemaDropperImpl$DelayedDropActionImpl : HHH000477: Starting delayed evictData of schema as part of SessionFactory shut-down'
2021-04-18 12:56:33.169  WARN 16400 --- [Thread-43] o.s.b.f.support.DisposableBeanAdapter    : Invocation of destroy method failed on bean with name 'inMemoryDatabaseShutdownExecutor': org.h2.jdbc.JdbcSQLNonTransientConnectionException: Database is already closed (to disable automatic closing at VM shutdown, add ";DB_CLOSE_ON_EXIT=FALSE" to the db URL) [90121-200]
2021-04-18 12:56:33.170  INFO 16400 --- [Thread-43] com.zaxxer.hikari.HikariDataSource       : HikariPool-5 - Shutdown initiated...
2021-04-18 12:56:33.174  INFO 16400 --- [Thread-43] com.zaxxer.hikari.HikariDataSource       : HikariPool-5 - Shutdown completed.
2021-04-18 12:56:33.347  INFO 16400 --- [restartedMain] c.shopme.admin.ShopmeBackendApplication  : Starting ShopmeBackendApplication using Java 1.8.0_281 on DESKTOP-T45UFDD with PID 16400 (C:\Users\thaih\Desktop\iCommerce-springboot-\shopme-web-parent\shopme-backend\target\classes started by thaih in C:\Users\thaih\Desktop\iCommerce-springboot-\shopme-web-parent\shopme-backend)
2021-04-18 12:56:33.348  INFO 16400 --- [restartedMain] c.shopme.admin.ShopmeBackendApplication  : No active profile set, falling back to default profiles: default
2021-04-18 12:56:33.678  INFO 16400 --- [restartedMain] .s.d.r.c.RepositoryConfigurationDelegate : Bootstrapping Spring Data JPA repositories in DEFAULT mode.
2021-04-18 12:56:33.705  INFO 16400 --- [restartedMain] .s.d.r.c.RepositoryConfigurationDelegate : Finished Spring Data repository scanning in 26 ms. Found 2 JPA repository interfaces.
2021-04-18 12:56:33.840  INFO 16400 --- [restartedMain] o.s.b.w.embedded.tomcat.TomcatWebServer  : Tomcat initialized with port(s): 8082 (http)
2021-04-18 12:56:33.841  INFO 16400 --- [restartedMain] o.apache.catalina.core.StandardService   : Starting service [Tomcat]
2021-04-18 12:56:33.841  INFO 16400 --- [restartedMain] org.apache.catalina.core.StandardEngine  : Starting Servlet engine: [Apache Tomcat/9.0.43]
2021-04-18 12:56:33.893  INFO 16400 --- [restartedMain] o.a.c.c.C.[.[localhost].[/shopmeadmin]   : Initializing Spring embedded WebApplicationContext
2021-04-18 12:56:33.893  INFO 16400 --- [restartedMain] w.s.c.ServletWebServerApplicationContext : Root WebApplicationContext: initialization completed in 540 ms
2021-04-18 12:56:33.934  INFO 16400 --- [restartedMain] com.zaxxer.hikari.HikariDataSource       : HikariPool-6 - Starting...
2021-04-18 12:56:33.937  INFO 16400 --- [restartedMain] com.zaxxer.hikari.HikariDataSource       : HikariPool-6 - Start completed.
2021-04-18 12:56:33.937  INFO 16400 --- [restartedMain] o.s.b.a.h2.H2ConsoleAutoConfiguration    : H2 console available at '/h2-console'. Database available at 'jdbc:h2:mem:testdb'
2021-04-18 12:56:33.980  INFO 16400 --- [restartedMain] o.hibernate.jpa.internal.util.LogHelper  : HHH000204: Processing PersistenceUnitInfo [name: default]
2021-04-18 12:56:33.990  INFO 16400 --- [restartedMain] org.hibernate.dialect.Dialect            : HHH000400: Using dialect: org.hibernate.dialect.H2Dialect
2021-04-18 12:56:34.045  INFO 16400 --- [restartedMain] o.h.e.t.j.p.i.JtaPlatformInitiator       : HHH000490: Using JtaPlatform implementation: [org.hibernate.engine.transaction.jta.platform.internal.NoJtaPlatform]
2021-04-18 12:56:34.045  INFO 16400 --- [restartedMain] j.LocalContainerEntityManagerFactoryBean : Initialized JPA EntityManagerFactory for persistence unit 'default'
2021-04-18 12:56:34.061  INFO 16400 --- [restartedMain] o.s.b.d.a.OptionalLiveReloadServer       : LiveReload server is running on port 35729
2021-04-18 12:56:34.095  WARN 16400 --- [restartedMain] JpaBaseConfiguration$JpaWebConfiguration : spring.jpa.open-in-view is enabled by default. Therefore, database queries may be performed during view rendering. Explicitly configure spring.jpa.open-in-view to disable this warning
2021-04-18 12:56:34.240  INFO 16400 --- [restartedMain] o.s.s.web.DefaultSecurityFilterChain     : Will secure Ant [pattern='/images/**'] with []
2021-04-18 12:56:34.240  INFO 16400 --- [restartedMain] o.s.s.web.DefaultSecurityFilterChain     : Will secure Ant [pattern='/js/**'] with []
2021-04-18 12:56:34.240  INFO 16400 --- [restartedMain] o.s.s.web.DefaultSecurityFilterChain     : Will secure Ant [pattern='/webjars/**'] with []
2021-04-18 12:56:34.248  INFO 16400 --- [restartedMain] o.s.s.web.DefaultSecurityFilterChain     : Will secure any request with [org.springframework.security.web.context.request.async.WebAsyncManagerIntegrationFilter@1b2d5486, org.springframework.security.web.context.SecurityContextPersistenceFilter@2250dfb9, org.springframework.security.web.header.HeaderWriterFilter@6e8a170, org.springframework.security.web.csrf.CsrfFilter@577493c9, org.springframework.security.web.authentication.logout.LogoutFilter@413851f, org.springframework.security.web.authentication.UsernamePasswordAuthenticationFilter@67e4d0f, org.springframework.security.web.savedrequest.RequestCacheAwareFilter@7dc978e1, org.springframework.security.web.servletapi.SecurityContextHolderAwareRequestFilter@3ee9a509, org.springframework.security.web.authentication.rememberme.RememberMeAuthenticationFilter@5d83c01c, org.springframework.security.web.authentication.AnonymousAuthenticationFilter@18dc15c0, org.springframework.security.web.session.SessionManagementFilter@5149e482, org.springframework.security.web.access.ExceptionTranslationFilter@35ad4d67, org.springframework.security.web.access.intercept.FilterSecurityInterceptor@3636b883]
2021-04-18 12:56:34.297  INFO 16400 --- [restartedMain] o.s.s.concurrent.ThreadPoolTaskExecutor  : Initializing ExecutorService 'applicationTaskExecutor'
2021-04-18 12:56:34.319  INFO 16400 --- [restartedMain] o.s.b.a.w.s.WelcomePageHandlerMapping    : Adding welcome page template: index
2021-04-18 12:56:34.680  INFO 16400 --- [restartedMain] o.s.b.w.embedded.tomcat.TomcatWebServer  : Tomcat started on port(s): 8082 (http) with context path '/shopmeadmin'
2021-04-18 12:56:34.684  INFO 16400 --- [restartedMain] c.shopme.admin.ShopmeBackendApplication  : Started ShopmeBackendApplication in 1.38 seconds (JVM running for 235.964)
2021-04-18 12:56:34.686  INFO 16400 --- [restartedMain] .ConditionEvaluationDeltaLoggingListener : Condition evaluation unchanged
2021-04-18 12:56:42.591  INFO 16400 --- [http-nio-8082-exec-1] o.a.c.c.C.[.[localhost].[/shopmeadmin]   : Initializing Spring DispatcherServlet 'dispatcherServlet'
2021-04-18 12:56:42.592  INFO 16400 --- [http-nio-8082-exec-1] o.s.web.servlet.DispatcherServlet        : Initializing Servlet 'dispatcherServlet'
2021-04-18 12:56:42.594  INFO 16400 --- [http-nio-8082-exec-1] o.s.web.servlet.DispatcherServlet        : Completed initialization in 2 ms
2021-04-18 12:59:45.186  INFO 16400 --- [SpringContextShutdownHook] o.s.s.concurrent.ThreadPoolTaskExecutor  : Shutting down ExecutorService 'applicationTaskExecutor'
2021-04-18 12:59:45.187  INFO 16400 --- [SpringContextShutdownHook] j.LocalContainerEntityManagerFactoryBean : Closing JPA EntityManagerFactory for persistence unit 'default'
2021-04-18 12:59:45.187  INFO 16400 --- [SpringContextShutdownHook] .SchemaDropperImpl$DelayedDropActionImpl : HHH000477: Starting delayed evictData of schema as part of SessionFactory shut-down'
2021-04-18 12:59:45.402  WARN 16400 --- [SpringContextShutdownHook] o.s.b.f.support.DisposableBeanAdapter    : Invocation of destroy method failed on bean with name 'inMemoryDatabaseShutdownExecutor': org.h2.jdbc.JdbcSQLNonTransientConnectionException: Database is already closed (to disable automatic closing at VM shutdown, add ";DB_CLOSE_ON_EXIT=FALSE" to the db URL) [90121-200]
2021-04-18 12:59:45.403  INFO 16400 --- [SpringContextShutdownHook] com.zaxxer.hikari.HikariDataSource       : HikariPool-6 - Shutdown initiated...
2021-04-18 12:59:45.446  INFO 16400 --- [SpringContextShutdownHook] com.zaxxer.hikari.HikariDataSource       : HikariPool-6 - Shutdown completed.
2021-04-18 12:59:49.431  INFO 17352 --- [restartedMain] c.shopme.admin.ShopmeBackendApplication  : Starting ShopmeBackendApplication using Java 1.8.0_281 on DESKTOP-T45UFDD with PID 17352 (C:\Users\thaih\Desktop\iCommerce-springboot-\shopme-web-parent\shopme-backend\target\classes started by thaih in C:\Users\thaih\Desktop\iCommerce-springboot-\shopme-web-parent\shopme-backend)
2021-04-18 12:59:49.435  INFO 17352 --- [restartedMain] c.shopme.admin.ShopmeBackendApplication  : No active profile set, falling back to default profiles: default
2021-04-18 12:59:49.511  INFO 17352 --- [restartedMain] .e.DevToolsPropertyDefaultsPostProcessor : Devtools property defaults active! Set 'spring.devtools.add-properties' to 'false' to disable
2021-04-18 12:59:49.511  INFO 17352 --- [restartedMain] .e.DevToolsPropertyDefaultsPostProcessor : For additional web related logging consider setting the 'logging.level.web' property to 'DEBUG'
2021-04-18 12:59:50.400  INFO 17352 --- [restartedMain] .s.d.r.c.RepositoryConfigurationDelegate : Bootstrapping Spring Data JPA repositories in DEFAULT mode.
2021-04-18 12:59:50.491  INFO 17352 --- [restartedMain] .s.d.r.c.RepositoryConfigurationDelegate : Finished Spring Data repository scanning in 75 ms. Found 2 JPA repository interfaces.
2021-04-18 12:59:51.303  INFO 17352 --- [restartedMain] o.s.b.w.embedded.tomcat.TomcatWebServer  : Tomcat initialized with port(s): 8082 (http)
2021-04-18 12:59:51.332  INFO 17352 --- [restartedMain] o.apache.catalina.core.StandardService   : Starting service [Tomcat]
2021-04-18 12:59:51.332  INFO 17352 --- [restartedMain] org.apache.catalina.core.StandardEngine  : Starting Servlet engine: [Apache Tomcat/9.0.43]
2021-04-18 12:59:51.561  INFO 17352 --- [restartedMain] o.a.c.c.C.[.[localhost].[/shopmeadmin]   : Initializing Spring embedded WebApplicationContext
2021-04-18 12:59:51.562  INFO 17352 --- [restartedMain] w.s.c.ServletWebServerApplicationContext : Root WebApplicationContext: initialization completed in 2050 ms
2021-04-18 12:59:51.635  INFO 17352 --- [restartedMain] com.zaxxer.hikari.HikariDataSource       : HikariPool-1 - Starting...
2021-04-18 12:59:51.840  INFO 17352 --- [restartedMain] com.zaxxer.hikari.HikariDataSource       : HikariPool-1 - Start completed.
2021-04-18 12:59:51.849  INFO 17352 --- [restartedMain] o.s.b.a.h2.H2ConsoleAutoConfiguration    : H2 console available at '/h2-console'. Database available at 'jdbc:h2:mem:testdb'
2021-04-18 12:59:51.915  WARN 17352 --- [restartedMain] o.a.c.c.C.[.[localhost].[/shopmeadmin]   : Cannot deserialize session attribute [SPRING_SECURITY_CONTEXT] for session [9DB15FA3F76B083A6B2752E75F98F60B]
2021-04-18 12:59:52.157  INFO 17352 --- [restartedMain] o.hibernate.jpa.internal.util.LogHelper  : HHH000204: Processing PersistenceUnitInfo [name: default]
2021-04-18 12:59:52.224  INFO 17352 --- [restartedMain] org.hibernate.Version                    : HHH000412: Hibernate ORM core version 5.4.28.Final
2021-04-18 12:59:52.420  INFO 17352 --- [restartedMain] o.hibernate.annotations.common.Version   : HCANN000001: Hibernate Commons Annotations {5.1.2.Final}
2021-04-18 12:59:52.588  INFO 17352 --- [restartedMain] org.hibernate.dialect.Dialect            : HHH000400: Using dialect: org.hibernate.dialect.H2Dialect
2021-04-18 12:59:53.805  INFO 17352 --- [restartedMain] o.h.e.t.j.p.i.JtaPlatformInitiator       : HHH000490: Using JtaPlatform implementation: [org.hibernate.engine.transaction.jta.platform.internal.NoJtaPlatform]
2021-04-18 12:59:53.830  INFO 17352 --- [restartedMain] j.LocalContainerEntityManagerFactoryBean : Initialized JPA EntityManagerFactory for persistence unit 'default'
2021-04-18 12:59:53.887  INFO 17352 --- [restartedMain] o.s.b.d.a.OptionalLiveReloadServer       : LiveReload server is running on port 35729
2021-04-18 12:59:54.048  WARN 17352 --- [restartedMain] JpaBaseConfiguration$JpaWebConfiguration : spring.jpa.open-in-view is enabled by default. Therefore, database queries may be performed during view rendering. Explicitly configure spring.jpa.open-in-view to disable this warning
2021-04-18 12:59:54.863  INFO 17352 --- [restartedMain] o.s.s.web.DefaultSecurityFilterChain     : Will secure Ant [pattern='/images/**'] with []
2021-04-18 12:59:54.864  INFO 17352 --- [restartedMain] o.s.s.web.DefaultSecurityFilterChain     : Will secure Ant [pattern='/js/**'] with []
2021-04-18 12:59:54.864  INFO 17352 --- [restartedMain] o.s.s.web.DefaultSecurityFilterChain     : Will secure Ant [pattern='/webjars/**'] with []
2021-04-18 12:59:54.904  INFO 17352 --- [restartedMain] o.s.s.web.DefaultSecurityFilterChain     : Will secure any request with [org.springframework.security.web.context.request.async.WebAsyncManagerIntegrationFilter@67ca4a4e, org.springframework.security.web.context.SecurityContextPersistenceFilter@79b20539, org.springframework.security.web.header.HeaderWriterFilter@477a8d5d, org.springframework.security.web.csrf.CsrfFilter@23b537a4, org.springframework.security.web.authentication.logout.LogoutFilter@49718c6, org.springframework.security.web.authentication.UsernamePasswordAuthenticationFilter@9a7dcf, org.springframework.security.web.savedrequest.RequestCacheAwareFilter@1397e794, org.springframework.security.web.servletapi.SecurityContextHolderAwareRequestFilter@6feda8cc, org.springframework.security.web.authentication.rememberme.RememberMeAuthenticationFilter@51c8a47a, org.springframework.security.web.authentication.AnonymousAuthenticationFilter@34ed377d, org.springframework.security.web.session.SessionManagementFilter@15566599, org.springframework.security.web.access.ExceptionTranslationFilter@1c8b2775, org.springframework.security.web.access.intercept.FilterSecurityInterceptor@1474bb85]
2021-04-18 12:59:55.062  INFO 17352 --- [restartedMain] o.s.s.concurrent.ThreadPoolTaskExecutor  : Initializing ExecutorService 'applicationTaskExecutor'
2021-04-18 12:59:55.146  INFO 17352 --- [restartedMain] o.s.b.a.w.s.WelcomePageHandlerMapping    : Adding welcome page template: index
2021-04-18 12:59:55.868  INFO 17352 --- [restartedMain] o.s.b.w.embedded.tomcat.TomcatWebServer  : Tomcat started on port(s): 8082 (http) with context path '/shopmeadmin'
2021-04-18 12:59:55.878  INFO 17352 --- [restartedMain] c.shopme.admin.ShopmeBackendApplication  : Started ShopmeBackendApplication in 7.01 seconds (JVM running for 8.245)
2021-04-18 12:59:58.972  INFO 17352 --- [http-nio-8082-exec-1] o.a.c.c.C.[.[localhost].[/shopmeadmin]   : Initializing Spring DispatcherServlet 'dispatcherServlet'
2021-04-18 12:59:58.972  INFO 17352 --- [http-nio-8082-exec-1] o.s.web.servlet.DispatcherServlet        : Initializing Servlet 'dispatcherServlet'
2021-04-18 12:59:58.974  INFO 17352 --- [http-nio-8082-exec-1] o.s.web.servlet.DispatcherServlet        : Completed initialization in 2 ms
2021-04-18 13:00:17.162 ERROR 17352 --- [http-nio-8082-exec-4] c.s.admin.user.export.FileUploadUtil     : Could not list directory: user-photos\24
2021-04-18 13:05:05.368  INFO 17352 --- [Thread-14] o.s.s.concurrent.ThreadPoolTaskExecutor  : Shutting down ExecutorService 'applicationTaskExecutor'
2021-04-18 13:05:05.370  INFO 17352 --- [Thread-14] j.LocalContainerEntityManagerFactoryBean : Closing JPA EntityManagerFactory for persistence unit 'default'
2021-04-18 13:05:05.370  INFO 17352 --- [Thread-14] .SchemaDropperImpl$DelayedDropActionImpl : HHH000477: Starting delayed evictData of schema as part of SessionFactory shut-down'
2021-04-18 13:05:05.626  WARN 17352 --- [Thread-14] o.s.b.f.support.DisposableBeanAdapter    : Invocation of destroy method failed on bean with name 'inMemoryDatabaseShutdownExecutor': org.h2.jdbc.JdbcSQLNonTransientConnectionException: Database is already closed (to disable automatic closing at VM shutdown, add ";DB_CLOSE_ON_EXIT=FALSE" to the db URL) [90121-200]
2021-04-18 13:05:05.627  INFO 17352 --- [Thread-14] com.zaxxer.hikari.HikariDataSource       : HikariPool-1 - Shutdown initiated...
2021-04-18 13:05:05.628  INFO 17352 --- [Thread-14] com.zaxxer.hikari.HikariDataSource       : HikariPool-1 - Shutdown completed.
